# JRE version: OpenJDK Runtime Environment Temurin-21.0.7+6 (21.0.7+6) (build 21.0.7+6-LTS)
# Java VM: OpenJDK 64-Bit Server VM Temurin-21.0.7+6 (21.0.7+6-LTS, mixed mode, sharing, tiered, compressed oops, compressed class ptrs, g1 gc, windows-amd64)
GC Precious Log:
 CardTable entry size: 512
 Card Set container configuration: InlinePtr #cards 5 size 8 Array Of Cards #cards 12 size 40 Howl #buckets 4 coarsen threshold 1843 Howl Bitmap #cards 512 size 80 coarsen threshold 460 Card regions per heap region 1 cards per card region 2048
 CPUs: 4 total, 4 available
 Memory: 8072M
 Large Page Support: Disabled
 NUMA Support: Disabled
 Compressed Oops: Enabled (32-bit)
 Heap Region Size: 1M
 Heap Min Capacity: 8M
 Heap Initial Capacity: 128M
 Heap Max Capacity: 2G
 Pre-touch: Disabled
 Parallel Workers: 4
 Concurrent Workers: 1
 Concurrent Refinement Workers: 4
 Periodic GC: Disabled
Heap:
 garbage-first heap   total 247808K, used 130502K [0x0000000080000000, 0x0000000100000000)
  region size 1024K, 6 young (6144K), 5 survivors (5120K)
 Metaspace       used 114307K, committed 116864K, reserved 1179648K
  class space    used 15373K, committed 16704K, reserved 1048576K
GC Heap History (20 events):
Event: 61.873 GC heap before
{Heap before GC invocations=47 (full 0):
 garbage-first heap   total 171008K, used 140691K [0x0000000080000000, 0x0000000100000000)
  region size 1024K, 46 young (47104K), 6 survivors (6144K)
 Metaspace       used 97954K, committed 100224K, reserved 1179648K
  class space    used 13693K, committed 14848K, reserved 1048576K
}
Event: 61.891 GC heap after
{Heap after GC invocations=48 (full 0):
 garbage-first heap   total 171008K, used 106373K [0x0000000080000000, 0x0000000100000000)
  region size 1024K, 6 young (6144K), 6 survivors (6144K)
 Metaspace       used 97954K, committed 100224K, reserved 1179648K
  class space    used 13693K, committed 14848K, reserved 1048576K
}
Event: 63.099 GC heap before
{Heap before GC invocations=48 (full 0):
 garbage-first heap   total 171008K, used 154501K [0x0000000080000000, 0x0000000100000000)
  region size 1024K, 54 young (55296K), 6 survivors (6144K)
 Metaspace       used 97961K, committed 100224K, reserved 1179648K
  class space    used 13694K, committed 14848K, reserved 1048576K
}
Event: 63.120 GC heap after
{Heap after GC invocations=49 (full 0):
 garbage-first heap   total 171008K, used 109568K [0x0000000080000000, 0x0000000100000000)
  region size 1024K, 4 young (4096K), 4 survivors (4096K)
 Metaspace       used 97961K, committed 100224K, reserved 1179648K
  class space    used 13694K, committed 14848K, reserved 1048576K
}
Event: 64.537 GC heap before
{Heap before GC invocations=49 (full 0):
 garbage-first heap   total 171008K, used 151552K [0x0000000080000000, 0x0000000100000000)
  region size 1024K, 47 young (48128K), 4 survivors (4096K)
 Metaspace       used 98500K, committed 100864K, reserved 1179648K
  class space    used 13804K, committed 14976K, reserved 1048576K
}
Event: 64.549 GC heap after
{Heap after GC invocations=50 (full 0):
 garbage-first heap   total 205824K, used 112636K [0x0000000080000000, 0x0000000100000000)
  region size 1024K, 7 young (7168K), 7 survivors (7168K)
 Metaspace       used 98500K, committed 100864K, reserved 1179648K
  class space    used 13804K, committed 14976K, reserved 1048576K
}
Event: 64.557 GC heap before
{Heap before GC invocations=50 (full 0):
 garbage-first heap   total 205824K, used 113660K [0x0000000080000000, 0x0000000100000000)
  region size 1024K, 8 young (8192K), 7 survivors (7168K)
 Metaspace       used 98500K, committed 100864K, reserved 1179648K
  class space    used 13804K, committed 14976K, reserved 1048576K
}
Event: 64.566 GC heap after
{Heap after GC invocations=51 (full 0):
 garbage-first heap   total 205824K, used 112505K [0x0000000080000000, 0x0000000100000000)
  region size 1024K, 5 young (5120K), 5 survivors (5120K)
 Metaspace       used 98500K, committed 100864K, reserved 1179648K
  class space    used 13804K, committed 14976K, reserved 1048576K
}
Event: 67.176 GC heap before
{Heap before GC invocations=52 (full 0):
 garbage-first heap   total 224256K, used 219001K [0x0000000080000000, 0x0000000100000000)
  region size 1024K, 78 young (79872K), 5 survivors (5120K)
 Metaspace       used 101794K, committed 104192K, reserved 1179648K
  class space    used 14080K, committed 15296K, reserved 1048576K
}
Event: 67.231 GC heap after
{Heap after GC invocations=53 (full 0):
 garbage-first heap   total 247808K, used 133595K [0x0000000080000000, 0x0000000100000000)
  region size 1024K, 10 young (10240K), 10 survivors (10240K)
 Metaspace       used 101794K, committed 104192K, reserved 1179648K
  class space    used 14080K, committed 15296K, reserved 1048576K
}
Event: 71.108 GC heap before
{Heap before GC invocations=53 (full 0):
 garbage-first heap   total 247808K, used 212443K [0x0000000080000000, 0x0000000100000000)
  region size 1024K, 88 young (90112K), 10 survivors (10240K)
 Metaspace       used 105875K, committed 108224K, reserved 1179648K
  class space    used 14518K, committed 15744K, reserved 1048576K
}
Event: 71.132 GC heap after
{Heap after GC invocations=54 (full 0):
 garbage-first heap   total 247808K, used 135096K [0x0000000080000000, 0x0000000100000000)
  region size 1024K, 7 young (7168K), 7 survivors (7168K)
 Metaspace       used 105875K, committed 108224K, reserved 1179648K
  class space    used 14518K, committed 15744K, reserved 1048576K
}
Event: 72.873 GC heap before
{Heap before GC invocations=54 (full 0):
 garbage-first heap   total 247808K, used 213944K [0x0000000080000000, 0x0000000100000000)
  region size 1024K, 85 young (87040K), 7 survivors (7168K)
 Metaspace       used 106271K, committed 108608K, reserved 1179648K
  class space    used 14561K, committed 15744K, reserved 1048576K
}
Event: 72.889 GC heap after
{Heap after GC invocations=55 (full 0):
 garbage-first heap   total 247808K, used 139602K [0x0000000080000000, 0x0000000100000000)
  region size 1024K, 7 young (7168K), 7 survivors (7168K)
 Metaspace       used 106271K, committed 108608K, reserved 1179648K
  class space    used 14561K, committed 15744K, reserved 1048576K
}
Event: 74.844 GC heap before
{Heap before GC invocations=56 (full 0):
 garbage-first heap   total 247808K, used 200018K [0x0000000080000000, 0x0000000100000000)
  region size 1024K, 84 young (86016K), 7 survivors (7168K)
 Metaspace       used 107103K, committed 109504K, reserved 1179648K
  class space    used 14655K, committed 15872K, reserved 1048576K
}
Event: 74.858 GC heap after
{Heap after GC invocations=57 (full 0):
 garbage-first heap   total 247808K, used 125440K [0x0000000080000000, 0x0000000100000000)
  region size 1024K, 10 young (10240K), 10 survivors (10240K)
 Metaspace       used 107103K, committed 109504K, reserved 1179648K
  class space    used 14655K, committed 15872K, reserved 1048576K
}
Event: 85.958 GC heap before
{Heap before GC invocations=57 (full 0):
 garbage-first heap   total 247808K, used 218624K [0x0000000080000000, 0x0000000100000000)
  region size 1024K, 100 young (102400K), 10 survivors (10240K)
 Metaspace       used 110193K, committed 112576K, reserved 1179648K
  class space    used 14870K, committed 16064K, reserved 1048576K
}
Event: 85.984 GC heap after
{Heap after GC invocations=58 (full 0):
 garbage-first heap   total 247808K, used 126140K [0x0000000080000000, 0x0000000100000000)
  region size 1024K, 10 young (10240K), 10 survivors (10240K)
 Metaspace       used 110193K, committed 112576K, reserved 1179648K
  class space    used 14870K, committed 16064K, reserved 1048576K
}
Event: 94.021 GC heap before
{Heap before GC invocations=58 (full 0):
 garbage-first heap   total 247808K, used 216252K [0x0000000080000000, 0x0000000100000000)
  region size 1024K, 99 young (101376K), 10 survivors (10240K)
 Metaspace       used 114261K, committed 116800K, reserved 1179648K
  class space    used 15366K, committed 16640K, reserved 1048576K
}
Event: 94.041 GC heap after
{Heap after GC invocations=59 (full 0):
 garbage-first heap   total 247808K, used 130502K [0x0000000080000000, 0x0000000100000000)
  region size 1024K, 5 young (5120K), 5 survivors (5120K)
 Metaspace       used 114261K, committed 116800K, reserved 1179648K
  class space    used 15366K, committed 16640K, reserved 1048576K
}

