# JRE version: OpenJDK Runtime Environment Temurin-21.0.7+6 (21.0.7+6) (build 21.0.7+6-LTS)
# Java VM: OpenJDK 64-Bit Server VM Temurin-21.0.7+6 (21.0.7+6-LTS, mixed mode, sharing, tiered, compressed oops, compressed class ptrs, g1 gc, windows-amd64)
GC Precious Log:
 CardTable entry size: 512
 Card Set container configuration: InlinePtr #cards 5 size 8 Array Of Cards #cards 12 size 40 Howl #buckets 4 coarsen threshold 1843 Howl Bitmap #cards 512 size 80 coarsen threshold 460 Card regions per heap region 1 cards per card region 2048
 CPUs: 4 total, 4 available
 Memory: 8072M
 Large Page Support: Disabled
 NUMA Support: Disabled
 Compressed Oops: Enabled (32-bit)
 Heap Region Size: 1M
 Heap Min Capacity: 8M
 Heap Initial Capacity: 128M
 Heap Max Capacity: 2G
 Pre-touch: Disabled
 Parallel Workers: 4
 Concurrent Workers: 1
 Concurrent Refinement Workers: 4
 Periodic GC: Disabled
Heap:
 garbage-first heap   total 198656K, used 135413K [0x0000000080000000, 0x0000000100000000)
  region size 1024K, 19 young (19456K), 8 survivors (8192K)
 Metaspace       used 108476K, committed 110976K, reserved 1179648K
  class space    used 14898K, committed 16192K, reserved 1048576K
GC Heap History (20 events):
Event: 56.607 GC heap before
{Heap before GC invocations=44 (full 0):
 garbage-first heap   total 162816K, used 146599K [0x0000000080000000, 0x0000000100000000)
  region size 1024K, 53 young (54272K), 5 survivors (5120K)
 Metaspace       used 96655K, committed 99008K, reserved 1179648K
  class space    used 13519K, committed 14720K, reserved 1048576K
}
Event: 56.623 GC heap after
{Heap after GC invocations=45 (full 0):
 garbage-first heap   total 162816K, used 101200K [0x0000000080000000, 0x0000000100000000)
  region size 1024K, 6 young (6144K), 6 survivors (6144K)
 Metaspace       used 96655K, committed 99008K, reserved 1179648K
  class space    used 13519K, committed 14720K, reserved 1048576K
}
Event: 59.180 GC heap before
{Heap before GC invocations=45 (full 0):
 garbage-first heap   total 162816K, used 145232K [0x0000000080000000, 0x0000000100000000)
  region size 1024K, 50 young (51200K), 6 survivors (6144K)
 Metaspace       used 98161K, committed 100480K, reserved 1179648K
  class space    used 13735K, committed 14912K, reserved 1048576K
}
Event: 59.199 GC heap after
{Heap after GC invocations=46 (full 0):
 garbage-first heap   total 162816K, used 106657K [0x0000000080000000, 0x0000000100000000)
  region size 1024K, 7 young (7168K), 7 survivors (7168K)
 Metaspace       used 98161K, committed 100480K, reserved 1179648K
  class space    used 13735K, committed 14912K, reserved 1048576K
}
Event: 61.233 GC heap before
{Heap before GC invocations=47 (full 0):
 garbage-first heap   total 178176K, used 142497K [0x0000000080000000, 0x0000000100000000)
  region size 1024K, 44 young (45056K), 7 survivors (7168K)
 Metaspace       used 98165K, committed 100480K, reserved 1179648K
  class space    used 13736K, committed 14912K, reserved 1048576K
}
Event: 61.252 GC heap after
{Heap after GC invocations=48 (full 0):
 garbage-first heap   total 178176K, used 108106K [0x0000000080000000, 0x0000000100000000)
  region size 1024K, 4 young (4096K), 4 survivors (4096K)
 Metaspace       used 98165K, committed 100480K, reserved 1179648K
  class space    used 13736K, committed 14912K, reserved 1048576K
}
Event: 66.585 GC heap before
{Heap before GC invocations=48 (full 0):
 garbage-first heap   total 178176K, used 162378K [0x0000000080000000, 0x0000000100000000)
  region size 1024K, 58 young (59392K), 4 survivors (4096K)
 Metaspace       used 98678K, committed 101056K, reserved 1179648K
  class space    used 13832K, committed 15040K, reserved 1048576K
}
Event: 66.598 GC heap after
{Heap after GC invocations=49 (full 0):
 garbage-first heap   total 178176K, used 109610K [0x0000000080000000, 0x0000000100000000)
  region size 1024K, 7 young (7168K), 7 survivors (7168K)
 Metaspace       used 98678K, committed 101056K, reserved 1179648K
  class space    used 13832K, committed 15040K, reserved 1048576K
}
Event: 67.518 GC heap before
{Heap before GC invocations=49 (full 0):
 garbage-first heap   total 178176K, used 123946K [0x0000000080000000, 0x0000000100000000)
  region size 1024K, 23 young (23552K), 7 survivors (7168K)
 Metaspace       used 98835K, committed 101184K, reserved 1179648K
  class space    used 13858K, committed 15040K, reserved 1048576K
}
Event: 67.528 GC heap after
{Heap after GC invocations=50 (full 0):
 garbage-first heap   total 178176K, used 110797K [0x0000000080000000, 0x0000000100000000)
  region size 1024K, 4 young (4096K), 4 survivors (4096K)
 Metaspace       used 98835K, committed 101184K, reserved 1179648K
  class space    used 13858K, committed 15040K, reserved 1048576K
}
Event: 73.717 GC heap before
{Heap before GC invocations=51 (full 0):
 garbage-first heap   total 194560K, used 167117K [0x0000000080000000, 0x0000000100000000)
  region size 1024K, 55 young (56320K), 4 survivors (4096K)
 Metaspace       used 102586K, committed 104960K, reserved 1179648K
  class space    used 14201K, committed 15360K, reserved 1048576K
}
Event: 73.734 GC heap after
{Heap after GC invocations=52 (full 0):
 garbage-first heap   total 194560K, used 114604K [0x0000000080000000, 0x0000000100000000)
  region size 1024K, 7 young (7168K), 7 survivors (7168K)
 Metaspace       used 102586K, committed 104960K, reserved 1179648K
  class space    used 14201K, committed 15360K, reserved 1048576K
}
Event: 75.778 GC heap before
{Heap before GC invocations=52 (full 0):
 garbage-first heap   total 194560K, used 176044K [0x0000000080000000, 0x0000000100000000)
  region size 1024K, 68 young (69632K), 7 survivors (7168K)
 Metaspace       used 102651K, committed 105024K, reserved 1179648K
  class space    used 14206K, committed 15360K, reserved 1048576K
}
Event: 75.793 GC heap after
{Heap after GC invocations=53 (full 0):
 garbage-first heap   total 194560K, used 115574K [0x0000000080000000, 0x0000000100000000)
  region size 1024K, 5 young (5120K), 5 survivors (5120K)
 Metaspace       used 102651K, committed 105024K, reserved 1179648K
  class space    used 14206K, committed 15360K, reserved 1048576K
}
Event: 78.197 GC heap before
{Heap before GC invocations=53 (full 0):
 garbage-first heap   total 194560K, used 175990K [0x0000000080000000, 0x0000000100000000)
  region size 1024K, 65 young (66560K), 5 survivors (5120K)
 Metaspace       used 102784K, committed 105152K, reserved 1179648K
  class space    used 14223K, committed 15424K, reserved 1048576K
}
Event: 78.209 GC heap after
{Heap after GC invocations=54 (full 0):
 garbage-first heap   total 194560K, used 117854K [0x0000000080000000, 0x0000000100000000)
  region size 1024K, 7 young (7168K), 7 survivors (7168K)
 Metaspace       used 102784K, committed 105152K, reserved 1179648K
  class space    used 14223K, committed 15424K, reserved 1048576K
}
Event: 86.317 GC heap before
{Heap before GC invocations=55 (full 0):
 garbage-first heap   total 198656K, used 174174K [0x0000000080000000, 0x0000000100000000)
  region size 1024K, 63 young (64512K), 7 survivors (7168K)
 Metaspace       used 104476K, committed 106880K, reserved 1179648K
  class space    used 14409K, committed 15616K, reserved 1048576K
}
Event: 86.331 GC heap after
{Heap after GC invocations=56 (full 0):
 garbage-first heap   total 198656K, used 121406K [0x0000000080000000, 0x0000000100000000)
  region size 1024K, 4 young (4096K), 4 survivors (4096K)
 Metaspace       used 104476K, committed 106880K, reserved 1179648K
  class space    used 14409K, committed 15616K, reserved 1048576K
}
Event: 88.881 GC heap before
{Heap before GC invocations=56 (full 0):
 garbage-first heap   total 198656K, used 181822K [0x0000000080000000, 0x0000000100000000)
  region size 1024K, 64 young (65536K), 4 survivors (4096K)
 Metaspace       used 107011K, committed 109376K, reserved 1179648K
  class space    used 14694K, committed 15936K, reserved 1048576K
}
Event: 88.898 GC heap after
{Heap after GC invocations=57 (full 0):
 garbage-first heap   total 198656K, used 126197K [0x0000000080000000, 0x0000000100000000)
  region size 1024K, 8 young (8192K), 8 survivors (8192K)
 Metaspace       used 107011K, committed 109376K, reserved 1179648K
  class space    used 14694K, committed 15936K, reserved 1048576K
}

