# JRE version: OpenJDK Runtime Environment (21.0.6) (build 21.0.6+-13391695-b895.109)
# Java VM: OpenJDK 64-Bit Server VM (21.0.6+-13391695-b895.109, mixed mode, tiered, compressed oops, compressed class ptrs, g1 gc, windows-amd64)
GC Precious Log:
 CardTable entry size: 512
 Card Set container configuration: InlinePtr #cards 5 size 8 Array Of Cards #cards 12 size 40 Howl #buckets 4 coarsen threshold 1843 Howl Bitmap #cards 512 size 80 coarsen threshold 460 Card regions per heap region 1 cards per card region 2048
 CPUs: 4 total, 4 available
 Memory: 8072M
 Large Page Support: Disabled
 NUMA Support: Disabled
 Compressed Oops: Enabled (32-bit)
 Heap Region Size: 1M
 Heap Min Capacity: 8M
 Heap Initial Capacity: 128M
 Heap Max Capacity: 2020M
 Pre-touch: Disabled
 Parallel Workers: 4
 Concurrent Workers: 1
 Concurrent Refinement Workers: 4
 Periodic GC: Disabled
Heap:
 garbage-first heap   total 188416K, used 131072K [0x0000000081c00000, 0x0000000100000000)
  region size 1024K, 17 young (17408K), 4 survivors (4096K)
 Metaspace       used 72329K, committed 72640K, reserved 1114112K
  class space    used 7413K, committed 7552K, reserved 1048576K
GC Heap History (20 events):
Event: 46.780 GC heap before
{Heap before GC invocations=24 (full 0):
 garbage-first heap   total 119808K, used 99513K [0x0000000081c00000, 0x0000000100000000)
  region size 1024K, 36 young (36864K), 3 survivors (3072K)
 Metaspace       used 58711K, committed 59072K, reserved 1114112K
  class space    used 6367K, committed 6528K, reserved 1048576K
}
Event: 46.796 GC heap after
{Heap after GC invocations=25 (full 0):
 garbage-first heap   total 119808K, used 68072K [0x0000000081c00000, 0x0000000100000000)
  region size 1024K, 5 young (5120K), 5 survivors (5120K)
 Metaspace       used 58711K, committed 59072K, reserved 1114112K
  class space    used 6367K, committed 6528K, reserved 1048576K
}
Event: 48.634 GC heap before
{Heap before GC invocations=25 (full 0):
 garbage-first heap   total 119808K, used 102888K [0x0000000081c00000, 0x0000000100000000)
  region size 1024K, 39 young (39936K), 5 survivors (5120K)
 Metaspace       used 60369K, committed 60736K, reserved 1114112K
  class space    used 6482K, committed 6656K, reserved 1048576K
}
Event: 48.668 GC heap after
{Heap after GC invocations=26 (full 0):
 garbage-first heap   total 119808K, used 70865K [0x0000000081c00000, 0x0000000100000000)
  region size 1024K, 4 young (4096K), 4 survivors (4096K)
 Metaspace       used 60369K, committed 60736K, reserved 1114112K
  class space    used 6482K, committed 6656K, reserved 1048576K
}
Event: 51.827 GC heap before
{Heap before GC invocations=26 (full 0):
 garbage-first heap   total 119808K, used 104657K [0x0000000081c00000, 0x0000000100000000)
  region size 1024K, 37 young (37888K), 4 survivors (4096K)
 Metaspace       used 63071K, committed 63360K, reserved 1114112K
  class space    used 6694K, committed 6848K, reserved 1048576K
}
Event: 51.849 GC heap after
{Heap after GC invocations=27 (full 0):
 garbage-first heap   total 119808K, used 73915K [0x0000000081c00000, 0x0000000100000000)
  region size 1024K, 3 young (3072K), 3 survivors (3072K)
 Metaspace       used 63071K, committed 63360K, reserved 1114112K
  class space    used 6694K, committed 6848K, reserved 1048576K
}
Event: 53.021 GC heap before
{Heap before GC invocations=28 (full 0):
 garbage-first heap   total 124928K, used 105659K [0x0000000081c00000, 0x0000000100000000)
  region size 1024K, 34 young (34816K), 3 survivors (3072K)
 Metaspace       used 63237K, committed 63552K, reserved 1114112K
  class space    used 6697K, committed 6848K, reserved 1048576K
}
Event: 53.055 GC heap after
{Heap after GC invocations=29 (full 0):
 garbage-first heap   total 124928K, used 81661K [0x0000000081c00000, 0x0000000100000000)
  region size 1024K, 5 young (5120K), 5 survivors (5120K)
 Metaspace       used 63237K, committed 63552K, reserved 1114112K
  class space    used 6697K, committed 6848K, reserved 1048576K
}
Event: 54.022 GC heap before
{Heap before GC invocations=29 (full 0):
 garbage-first heap   total 124928K, used 110333K [0x0000000081c00000, 0x0000000100000000)
  region size 1024K, 33 young (33792K), 5 survivors (5120K)
 Metaspace       used 63358K, committed 63680K, reserved 1114112K
  class space    used 6704K, committed 6848K, reserved 1048576K
}
Event: 54.058 GC heap after
{Heap after GC invocations=30 (full 0):
 garbage-first heap   total 124928K, used 86470K [0x0000000081c00000, 0x0000000100000000)
  region size 1024K, 5 young (5120K), 5 survivors (5120K)
 Metaspace       used 63358K, committed 63680K, reserved 1114112K
  class space    used 6704K, committed 6848K, reserved 1048576K
}
Event: 54.571 GC heap before
{Heap before GC invocations=30 (full 0):
 garbage-first heap   total 124928K, used 112070K [0x0000000081c00000, 0x0000000100000000)
  region size 1024K, 30 young (30720K), 5 survivors (5120K)
 Metaspace       used 64462K, committed 64768K, reserved 1114112K
  class space    used 6807K, committed 6976K, reserved 1048576K
}
Event: 54.594 GC heap after
{Heap after GC invocations=31 (full 0):
 garbage-first heap   total 152576K, used 90066K [0x0000000081c00000, 0x0000000100000000)
  region size 1024K, 4 young (4096K), 4 survivors (4096K)
 Metaspace       used 64462K, committed 64768K, reserved 1114112K
  class space    used 6807K, committed 6976K, reserved 1048576K
}
Event: 61.124 GC heap before
{Heap before GC invocations=32 (full 0):
 garbage-first heap   total 152576K, used 132050K [0x0000000081c00000, 0x0000000100000000)
  region size 1024K, 46 young (47104K), 4 survivors (4096K)
 Metaspace       used 70239K, committed 70592K, reserved 1114112K
  class space    used 7319K, committed 7488K, reserved 1048576K
}
Event: 61.146 GC heap after
{Heap after GC invocations=33 (full 0):
 garbage-first heap   total 152576K, used 97258K [0x0000000081c00000, 0x0000000100000000)
  region size 1024K, 6 young (6144K), 6 survivors (6144K)
 Metaspace       used 70239K, committed 70592K, reserved 1114112K
  class space    used 7319K, committed 7488K, reserved 1048576K
}
Event: 64.308 GC heap before
{Heap before GC invocations=33 (full 0):
 garbage-first heap   total 152576K, used 136170K [0x0000000081c00000, 0x0000000100000000)
  region size 1024K, 44 young (45056K), 6 survivors (6144K)
 Metaspace       used 70763K, committed 71104K, reserved 1114112K
  class space    used 7341K, committed 7488K, reserved 1048576K
}
Event: 64.338 GC heap after
{Heap after GC invocations=34 (full 0):
 garbage-first heap   total 152576K, used 104960K [0x0000000081c00000, 0x0000000100000000)
  region size 1024K, 6 young (6144K), 6 survivors (6144K)
 Metaspace       used 70763K, committed 71104K, reserved 1114112K
  class space    used 7341K, committed 7488K, reserved 1048576K
}
Event: 65.049 GC heap before
{Heap before GC invocations=34 (full 0):
 garbage-first heap   total 152576K, used 135680K [0x0000000081c00000, 0x0000000100000000)
  region size 1024K, 36 young (36864K), 6 survivors (6144K)
 Metaspace       used 71027K, committed 71360K, reserved 1114112K
  class space    used 7356K, committed 7488K, reserved 1048576K
}
Event: 65.074 GC heap after
{Heap after GC invocations=35 (full 0):
 garbage-first heap   total 152576K, used 112640K [0x0000000081c00000, 0x0000000100000000)
  region size 1024K, 5 young (5120K), 5 survivors (5120K)
 Metaspace       used 71027K, committed 71360K, reserved 1114112K
  class space    used 7356K, committed 7488K, reserved 1048576K
}
Event: 65.972 GC heap before
{Heap before GC invocations=36 (full 0):
 garbage-first heap   total 188416K, used 138240K [0x0000000081c00000, 0x0000000100000000)
  region size 1024K, 29 young (29696K), 5 survivors (5120K)
 Metaspace       used 72112K, committed 72448K, reserved 1114112K
  class space    used 7413K, committed 7552K, reserved 1048576K
}
Event: 65.994 GC heap after
{Heap after GC invocations=37 (full 0):
 garbage-first heap   total 188416K, used 118784K [0x0000000081c00000, 0x0000000100000000)
  region size 1024K, 4 young (4096K), 4 survivors (4096K)
 Metaspace       used 72112K, committed 72448K, reserved 1114112K
  class space    used 7413K, committed 7552K, reserved 1048576K
}

