# JRE version: OpenJDK Runtime Environment Temurin-21.0.7+6 (21.0.7+6) (build 21.0.7+6-LTS)
# Java VM: OpenJDK 64-Bit Server VM Temurin-21.0.7+6 (21.0.7+6-LTS, mixed mode, sharing, tiered, compressed oops, compressed class ptrs, g1 gc, windows-amd64)
GC Precious Log:
 CardTable entry size: 512
 Card Set container configuration: InlinePtr #cards 5 size 8 Array Of Cards #cards 12 size 40 Howl #buckets 4 coarsen threshold 1843 Howl Bitmap #cards 512 size 80 coarsen threshold 460 Card regions per heap region 1 cards per card region 2048
 CPUs: 4 total, 4 available
 Memory: 8072M
 Large Page Support: Disabled
 NUMA Support: Disabled
 Compressed Oops: Enabled (32-bit)
 Heap Region Size: 1M
 Heap Min Capacity: 8M
 Heap Initial Capacity: 128M
 Heap Max Capacity: 2G
 Pre-touch: Disabled
 Parallel Workers: 4
 Concurrent Workers: 1
 Concurrent Refinement Workers: 4
 Periodic GC: Disabled
Heap:
 garbage-first heap   total 150528K, used 122200K [0x0000000080000000, 0x0000000100000000)
  region size 1024K, 34 young (34816K), 3 survivors (3072K)
 Metaspace       used 85454K, committed 87680K, reserved 1179648K
  class space    used 11868K, committed 12992K, reserved 1048576K
GC Heap History (20 events):
Event: 62.739 GC heap before
{Heap before GC invocations=30 (full 0):
 garbage-first heap   total 119808K, used 101960K [0x0000000080000000, 0x0000000100000000)
  region size 1024K, 32 young (32768K), 1 survivors (1024K)
 Metaspace       used 63524K, committed 65536K, reserved 1114112K
  class space    used 8816K, committed 9856K, reserved 1048576K
}
Event: 62.747 GC heap after
{Heap after GC invocations=31 (full 0):
 garbage-first heap   total 119808K, used 71818K [0x0000000080000000, 0x0000000100000000)
  region size 1024K, 3 young (3072K), 3 survivors (3072K)
 Metaspace       used 63524K, committed 65536K, reserved 1114112K
  class space    used 8816K, committed 9856K, reserved 1048576K
}
Event: 63.173 GC heap before
{Heap before GC invocations=31 (full 0):
 garbage-first heap   total 119808K, used 75914K [0x0000000080000000, 0x0000000100000000)
  region size 1024K, 8 young (8192K), 3 survivors (3072K)
 Metaspace       used 64773K, committed 66816K, reserved 1114112K
  class space    used 8937K, committed 9984K, reserved 1048576K
}
Event: 63.178 GC heap after
{Heap after GC invocations=32 (full 0):
 garbage-first heap   total 119808K, used 73675K [0x0000000080000000, 0x0000000100000000)
  region size 1024K, 4 young (4096K), 4 survivors (4096K)
 Metaspace       used 64773K, committed 66816K, reserved 1114112K
  class space    used 8937K, committed 9984K, reserved 1048576K
}
Event: 64.460 GC heap before
{Heap before GC invocations=33 (full 0):
 garbage-first heap   total 130048K, used 107467K [0x0000000080000000, 0x0000000100000000)
  region size 1024K, 32 young (32768K), 4 survivors (4096K)
 Metaspace       used 66012K, committed 68032K, reserved 1114112K
  class space    used 9117K, committed 10176K, reserved 1048576K
}
Event: 64.474 GC heap after
{Heap after GC invocations=34 (full 0):
 garbage-first heap   total 130048K, used 77241K [0x0000000080000000, 0x0000000100000000)
  region size 1024K, 4 young (4096K), 4 survivors (4096K)
 Metaspace       used 66012K, committed 68032K, reserved 1114112K
  class space    used 9117K, committed 10176K, reserved 1048576K
}
Event: 66.356 GC heap before
{Heap before GC invocations=34 (full 0):
 garbage-first heap   total 130048K, used 107961K [0x0000000080000000, 0x0000000100000000)
  region size 1024K, 35 young (35840K), 4 survivors (4096K)
 Metaspace       used 68255K, committed 70272K, reserved 1114112K
  class space    used 9404K, committed 10432K, reserved 1048576K
}
Event: 66.366 GC heap after
{Heap after GC invocations=35 (full 0):
 garbage-first heap   total 130048K, used 79101K [0x0000000080000000, 0x0000000100000000)
  region size 1024K, 3 young (3072K), 3 survivors (3072K)
 Metaspace       used 68255K, committed 70272K, reserved 1114112K
  class space    used 9404K, committed 10432K, reserved 1048576K
}
Event: 68.776 GC heap before
{Heap before GC invocations=35 (full 0):
 garbage-first heap   total 130048K, used 111869K [0x0000000080000000, 0x0000000100000000)
  region size 1024K, 35 young (35840K), 3 survivors (3072K)
 Metaspace       used 71990K, committed 74048K, reserved 1114112K
  class space    used 9853K, committed 10880K, reserved 1048576K
}
Event: 68.783 GC heap after
{Heap after GC invocations=36 (full 0):
 garbage-first heap   total 130048K, used 80218K [0x0000000080000000, 0x0000000100000000)
  region size 1024K, 4 young (4096K), 4 survivors (4096K)
 Metaspace       used 71990K, committed 74048K, reserved 1114112K
  class space    used 9853K, committed 10880K, reserved 1048576K
}
Event: 71.305 GC heap before
{Heap before GC invocations=37 (full 0):
 garbage-first heap   total 135168K, used 117082K [0x0000000080000000, 0x0000000100000000)
  region size 1024K, 37 young (37888K), 4 survivors (4096K)
 Metaspace       used 74608K, committed 76672K, reserved 1179648K
  class space    used 10215K, committed 11264K, reserved 1048576K
}
Event: 71.313 GC heap after
{Heap after GC invocations=38 (full 0):
 garbage-first heap   total 135168K, used 84880K [0x0000000080000000, 0x0000000100000000)
  region size 1024K, 4 young (4096K), 4 survivors (4096K)
 Metaspace       used 74608K, committed 76672K, reserved 1179648K
  class space    used 10215K, committed 11264K, reserved 1048576K
}
Event: 73.389 GC heap before
{Heap before GC invocations=38 (full 0):
 garbage-first heap   total 135168K, used 119696K [0x0000000080000000, 0x0000000100000000)
  region size 1024K, 38 young (38912K), 4 survivors (4096K)
 Metaspace       used 76747K, committed 78784K, reserved 1179648K
  class space    used 10543K, committed 11584K, reserved 1048576K
}
Event: 73.399 GC heap after
{Heap after GC invocations=39 (full 0):
 garbage-first heap   total 135168K, used 86664K [0x0000000080000000, 0x0000000100000000)
  region size 1024K, 4 young (4096K), 4 survivors (4096K)
 Metaspace       used 76747K, committed 78784K, reserved 1179648K
  class space    used 10543K, committed 11584K, reserved 1048576K
}
Event: 74.604 GC heap before
{Heap before GC invocations=39 (full 0):
 garbage-first heap   total 135168K, used 121480K [0x0000000080000000, 0x0000000100000000)
  region size 1024K, 38 young (38912K), 4 survivors (4096K)
 Metaspace       used 77379K, committed 79424K, reserved 1179648K
  class space    used 10615K, committed 11648K, reserved 1048576K
}
Event: 74.615 GC heap after
{Heap after GC invocations=40 (full 0):
 garbage-first heap   total 135168K, used 89996K [0x0000000080000000, 0x0000000100000000)
  region size 1024K, 5 young (5120K), 5 survivors (5120K)
 Metaspace       used 77379K, committed 79424K, reserved 1179648K
  class space    used 10615K, committed 11648K, reserved 1048576K
}
Event: 76.872 GC heap before
{Heap before GC invocations=41 (full 0):
 garbage-first heap   total 150528K, used 120716K [0x0000000080000000, 0x0000000100000000)
  region size 1024K, 36 young (36864K), 5 survivors (5120K)
 Metaspace       used 79658K, committed 81792K, reserved 1179648K
  class space    used 10943K, committed 12032K, reserved 1048576K
}
Event: 76.882 GC heap after
{Heap after GC invocations=42 (full 0):
 garbage-first heap   total 150528K, used 91918K [0x0000000080000000, 0x0000000100000000)
  region size 1024K, 2 young (2048K), 2 survivors (2048K)
 Metaspace       used 79658K, committed 81792K, reserved 1179648K
  class space    used 10943K, committed 12032K, reserved 1048576K
}
Event: 79.421 GC heap before
{Heap before GC invocations=42 (full 0):
 garbage-first heap   total 150528K, used 134926K [0x0000000080000000, 0x0000000100000000)
  region size 1024K, 44 young (45056K), 2 survivors (2048K)
 Metaspace       used 83052K, committed 85120K, reserved 1179648K
  class space    used 11498K, committed 12544K, reserved 1048576K
}
Event: 79.426 GC heap after
{Heap after GC invocations=43 (full 0):
 garbage-first heap   total 150528K, used 91480K [0x0000000080000000, 0x0000000100000000)
  region size 1024K, 3 young (3072K), 3 survivors (3072K)
 Metaspace       used 83052K, committed 85120K, reserved 1179648K
  class space    used 11498K, committed 12544K, reserved 1048576K
}

