# JRE version: OpenJDK Runtime Environment Temurin-21.0.7+6 (21.0.7+6) (build 21.0.7+6-LTS)
# Java VM: OpenJDK 64-Bit Server VM Temurin-21.0.7+6 (21.0.7+6-LTS, mixed mode, sharing, tiered, compressed oops, compressed class ptrs, g1 gc, windows-amd64)
GC Precious Log:
 CardTable entry size: 512
 Card Set container configuration: InlinePtr #cards 5 size 8 Array Of Cards #cards 12 size 40 Howl #buckets 4 coarsen threshold 1843 Howl Bitmap #cards 512 size 80 coarsen threshold 460 Card regions per heap region 1 cards per card region 2048
 CPUs: 4 total, 4 available
 Memory: 8072M
 Large Page Support: Disabled
 NUMA Support: Disabled
 Compressed Oops: Enabled (32-bit)
 Heap Region Size: 1M
 Heap Min Capacity: 8M
 Heap Initial Capacity: 128M
 Heap Max Capacity: 2G
 Pre-touch: Disabled
 Parallel Workers: 4
 Concurrent Workers: 1
 Concurrent Refinement Workers: 4
 Periodic GC: Disabled
Heap:
 garbage-first heap   total 275456K, used 145453K [0x0000000080000000, 0x0000000100000000)
  region size 1024K, 9 young (9216K), 7 survivors (7168K)
 Metaspace       used 131056K, committed 133568K, reserved 1179648K
  class space    used 17870K, committed 19136K, reserved 1048576K
GC Heap History (20 events):
Event: 61.562 GC heap before
{Heap before GC invocations=51 (full 0):
 garbage-first heap   total 275456K, used 201798K [0x0000000080000000, 0x0000000100000000)
  region size 1024K, 64 young (65536K), 2 survivors (2048K)
 Metaspace       used 105718K, committed 108096K, reserved 1179648K
  class space    used 14487K, committed 15680K, reserved 1048576K
}
Event: 61.585 GC heap after
{Heap after GC invocations=52 (full 0):
 garbage-first heap   total 275456K, used 140591K [0x0000000080000000, 0x0000000100000000)
  region size 1024K, 4 young (4096K), 4 survivors (4096K)
 Metaspace       used 105718K, committed 108096K, reserved 1179648K
  class space    used 14487K, committed 15680K, reserved 1048576K
}
Event: 63.854 GC heap before
{Heap before GC invocations=52 (full 0):
 garbage-first heap   total 275456K, used 210223K [0x0000000080000000, 0x0000000100000000)
  region size 1024K, 73 young (74752K), 4 survivors (4096K)
 Metaspace       used 106282K, committed 108672K, reserved 1179648K
  class space    used 14549K, committed 15744K, reserved 1048576K
}
Event: 63.869 GC heap after
{Heap after GC invocations=53 (full 0):
 garbage-first heap   total 275456K, used 147220K [0x0000000080000000, 0x0000000100000000)
  region size 1024K, 10 young (10240K), 10 survivors (10240K)
 Metaspace       used 106282K, committed 108672K, reserved 1179648K
  class space    used 14549K, committed 15744K, reserved 1048576K
}
Event: 65.793 GC heap before
{Heap before GC invocations=54 (full 0):
 garbage-first heap   total 275456K, used 216852K [0x0000000080000000, 0x0000000100000000)
  region size 1024K, 81 young (82944K), 10 survivors (10240K)
 Metaspace       used 106375K, committed 108736K, reserved 1179648K
  class space    used 14557K, committed 15744K, reserved 1048576K
}
Event: 65.811 GC heap after
{Heap after GC invocations=55 (full 0):
 garbage-first heap   total 275456K, used 147456K [0x0000000080000000, 0x0000000100000000)
  region size 1024K, 6 young (6144K), 6 survivors (6144K)
 Metaspace       used 106375K, committed 108736K, reserved 1179648K
  class space    used 14557K, committed 15744K, reserved 1048576K
}
Event: 74.182 GC heap before
{Heap before GC invocations=55 (full 0):
 garbage-first heap   total 275456K, used 224256K [0x0000000080000000, 0x0000000100000000)
  region size 1024K, 82 young (83968K), 6 survivors (6144K)
 Metaspace       used 107663K, committed 110016K, reserved 1179648K
  class space    used 14684K, committed 15872K, reserved 1048576K
}
Event: 74.200 GC heap after
{Heap after GC invocations=56 (full 0):
 garbage-first heap   total 275456K, used 139717K [0x0000000080000000, 0x0000000100000000)
  region size 1024K, 9 young (9216K), 9 survivors (9216K)
 Metaspace       used 107663K, committed 110016K, reserved 1179648K
  class space    used 14684K, committed 15872K, reserved 1048576K
}
Event: 144.485 GC heap before
{Heap before GC invocations=56 (full 0):
 garbage-first heap   total 275456K, used 226757K [0x0000000080000000, 0x0000000100000000)
  region size 1024K, 96 young (98304K), 9 survivors (9216K)
 Metaspace       used 111938K, committed 114432K, reserved 1179648K
  class space    used 15203K, committed 16448K, reserved 1048576K
}
Event: 144.509 GC heap after
{Heap after GC invocations=57 (full 0):
 garbage-first heap   total 275456K, used 145165K [0x0000000080000000, 0x0000000100000000)
  region size 1024K, 8 young (8192K), 8 survivors (8192K)
 Metaspace       used 111938K, committed 114432K, reserved 1179648K
  class space    used 15203K, committed 16448K, reserved 1048576K
}
Event: 147.555 GC heap before
{Heap before GC invocations=58 (full 0):
 garbage-first heap   total 275456K, used 228109K [0x0000000080000000, 0x0000000100000000)
  region size 1024K, 96 young (98304K), 8 survivors (8192K)
 Metaspace       used 120078K, committed 122624K, reserved 1179648K
  class space    used 16360K, committed 17664K, reserved 1048576K
}
Event: 147.581 GC heap after
{Heap after GC invocations=59 (full 0):
 garbage-first heap   total 275456K, used 148243K [0x0000000080000000, 0x0000000100000000)
  region size 1024K, 11 young (11264K), 11 survivors (11264K)
 Metaspace       used 120078K, committed 122624K, reserved 1179648K
  class space    used 16360K, committed 17664K, reserved 1048576K
}
Event: 150.762 GC heap before
{Heap before GC invocations=59 (full 0):
 garbage-first heap   total 275456K, used 235283K [0x0000000080000000, 0x0000000100000000)
  region size 1024K, 97 young (99328K), 11 survivors (11264K)
 Metaspace       used 127479K, committed 129984K, reserved 1179648K
  class space    used 17418K, committed 18688K, reserved 1048576K
}
Event: 150.790 GC heap after
{Heap after GC invocations=60 (full 0):
 garbage-first heap   total 275456K, used 147351K [0x0000000080000000, 0x0000000100000000)
  region size 1024K, 5 young (5120K), 5 survivors (5120K)
 Metaspace       used 127479K, committed 129984K, reserved 1179648K
  class space    used 17418K, committed 18688K, reserved 1048576K
}
Event: 152.643 GC heap before
{Heap before GC invocations=60 (full 0):
 garbage-first heap   total 275456K, used 233367K [0x0000000080000000, 0x0000000100000000)
  region size 1024K, 91 young (93184K), 5 survivors (5120K)
 Metaspace       used 129921K, committed 132480K, reserved 1179648K
  class space    used 17738K, committed 19008K, reserved 1048576K
}
Event: 152.655 GC heap after
{Heap after GC invocations=61 (full 0):
 garbage-first heap   total 275456K, used 148319K [0x0000000080000000, 0x0000000100000000)
  region size 1024K, 6 young (6144K), 6 survivors (6144K)
 Metaspace       used 129921K, committed 132480K, reserved 1179648K
  class space    used 17738K, committed 19008K, reserved 1048576K
}
Event: 155.289 GC heap before
{Heap before GC invocations=62 (full 0):
 garbage-first heap   total 275456K, used 246623K [0x0000000080000000, 0x0000000100000000)
  region size 1024K, 102 young (104448K), 6 survivors (6144K)
 Metaspace       used 130245K, committed 132800K, reserved 1179648K
  class space    used 17767K, committed 19072K, reserved 1048576K
}
Event: 155.307 GC heap after
{Heap after GC invocations=63 (full 0):
 garbage-first heap   total 275456K, used 146432K [0x0000000080000000, 0x0000000100000000)
  region size 1024K, 4 young (4096K), 4 survivors (4096K)
 Metaspace       used 130245K, committed 132800K, reserved 1179648K
  class space    used 17767K, committed 19072K, reserved 1048576K
}
Event: 157.198 GC heap before
{Heap before GC invocations=63 (full 0):
 garbage-first heap   total 275456K, used 251904K [0x0000000080000000, 0x0000000100000000)
  region size 1024K, 108 young (110592K), 4 survivors (4096K)
 Metaspace       used 131054K, committed 133568K, reserved 1179648K
  class space    used 17870K, committed 19136K, reserved 1048576K
}
Event: 157.232 GC heap after
{Heap after GC invocations=64 (full 0):
 garbage-first heap   total 275456K, used 144429K [0x0000000080000000, 0x0000000100000000)
  region size 1024K, 7 young (7168K), 7 survivors (7168K)
 Metaspace       used 131054K, committed 133568K, reserved 1179648K
  class space    used 17870K, committed 19136K, reserved 1048576K
}

